This file contains any messages produced by compilers while
running configure, to aid debugging if configure makes a mistake.

It was created by pktanon configure 1.4.0-dev, which was
generated by GNU Autoconf 2.69.  Invocation command line was

  $ ./configure 

## --------- ##
## Platform. ##
## --------- ##

hostname = localhost.localdomain
uname -m = x86_64
uname -r = 3.16.7-200.fc20.x86_64
uname -s = Linux
uname -v = #1 SMP Thu Oct 30 18:12:41 UTC 2014

/usr/bin/uname -p = x86_64
/bin/uname -X     = unknown

/bin/arch              = x86_64
/usr/bin/arch -k       = unknown
/usr/convex/getsysinfo = unknown
/usr/bin/hostinfo      = unknown
/bin/machine           = unknown
/usr/bin/oslevel       = unknown
/bin/universe          = unknown

PATH: /usr/local/bin
PATH: /usr/bin
PATH: /bin
PATH: /usr/local/sbin
PATH: /usr/sbin
PATH: /home/jw/.local/bin
PATH: /home/jw/bin


## ----------- ##
## Core tests. ##
## ----------- ##

configure:2170: checking for a BSD-compatible install
configure:2238: result: /usr/bin/install -c
configure:2249: checking whether build environment is sane
configure:2304: result: yes
configure:2342: WARNING: 'missing' script is too old or missing
configure:2455: checking for a thread-safe mkdir -p
configure:2494: result: /usr/bin/mkdir -p
configure:2501: checking for gawk
configure:2517: found /usr/bin/gawk
configure:2528: result: gawk
configure:2539: checking whether make sets $(MAKE)
configure:2561: result: yes
configure:2590: checking whether make supports nested variables
configure:2607: result: yes
configure:2750: checking for g++
configure:2766: found /usr/bin/g++
configure:2777: result: g++
configure:2804: checking for C++ compiler version
configure:2813: g++ --version >&5
g++ (GCC) 4.8.3 20140911 (Red Hat 4.8.3-7)
Copyright (C) 2013 Free Software Foundation, Inc.
This is free software; see the source for copying conditions.  There is NO
warranty; not even for MERCHANTABILITY or FITNESS FOR A PARTICULAR PURPOSE.

configure:2824: $? = 0
configure:2813: g++ -v >&5
Using built-in specs.
COLLECT_GCC=g++
COLLECT_LTO_WRAPPER=/usr/libexec/gcc/x86_64-redhat-linux/4.8.3/lto-wrapper
Target: x86_64-redhat-linux
Configured with: ../configure --prefix=/usr --mandir=/usr/share/man --infodir=/usr/share/info --with-bugurl=http://bugzilla.redhat.com/bugzilla --enable-bootstrap --enable-shared --enable-threads=posix --enable-checking=release --with-system-zlib --enable-__cxa_atexit --disable-libunwind-exceptions --enable-gnu-unique-object --enable-linker-build-id --with-linker-hash-style=gnu --enable-languages=c,c++,objc,obj-c++,java,fortran,ada,go,lto --enable-plugin --enable-initfini-array --enable-java-awt=gtk --disable-dssi --with-java-home=/usr/lib/jvm/java-1.5.0-gcj-1.5.0.0/jre --enable-libgcj-multifile --enable-java-maintainer-mode --with-ecj-jar=/usr/share/java/eclipse-ecj.jar --disable-libjava-multilib --with-isl=/builddir/build/BUILD/gcc-4.8.3-20140911/obj-x86_64-redhat-linux/isl-install --with-cloog=/builddir/build/BUILD/gcc-4.8.3-20140911/obj-x86_64-redhat-linux/cloog-install --with-tune=generic --with-arch_32=i686 --build=x86_64-redhat-linux
Thread model: posix
gcc version 4.8.3 20140911 (Red Hat 4.8.3-7) (GCC) 
configure:2824: $? = 0
configure:2813: g++ -V >&5
g++: error: unrecognized command line option '-V'
g++: fatal error: no input files
compilation terminated.
configure:2824: $? = 4
configure:2813: g++ -qversion >&5
g++: error: unrecognized command line option '-qversion'
g++: fatal error: no input files
compilation terminated.
configure:2824: $? = 4
configure:2844: checking whether the C++ compiler works
configure:2866: g++    conftest.cpp  >&5
configure:2870: $? = 0
configure:2918: result: yes
configure:2921: checking for C++ compiler default output file name
configure:2923: result: a.out
configure:2929: checking for suffix of executables
configure:2936: g++ -o conftest    conftest.cpp  >&5
configure:2940: $? = 0
configure:2962: result: 
configure:2984: checking whether we are cross compiling
configure:2992: g++ -o conftest    conftest.cpp  >&5
configure:2996: $? = 0
configure:3003: ./conftest
configure:3007: $? = 0
configure:3022: result: no
configure:3027: checking for suffix of object files
configure:3049: g++ -c   conftest.cpp >&5
configure:3053: $? = 0
configure:3074: result: o
configure:3078: checking whether we are using the GNU C++ compiler
configure:3097: g++ -c   conftest.cpp >&5
configure:3097: $? = 0
configure:3106: result: yes
configure:3115: checking whether g++ accepts -g
configure:3135: g++ -c -g  conftest.cpp >&5
configure:3135: $? = 0
configure:3176: result: yes
configure:3210: checking for style of include used by make
configure:3238: result: GNU
configure:3264: checking dependency style of g++
configure:3375: result: gcc3
configure:3440: checking for gcc
configure:3456: found /usr/bin/gcc
configure:3467: result: gcc
configure:3696: checking for C compiler version
configure:3705: gcc --version >&5
gcc (GCC) 4.8.3 20140911 (Red Hat 4.8.3-7)
Copyright (C) 2013 Free Software Foundation, Inc.
This is free software; see the source for copying conditions.  There is NO
warranty; not even for MERCHANTABILITY or FITNESS FOR A PARTICULAR PURPOSE.

configure:3716: $? = 0
configure:3705: gcc -v >&5
Using built-in specs.
COLLECT_GCC=gcc
COLLECT_LTO_WRAPPER=/usr/libexec/gcc/x86_64-redhat-linux/4.8.3/lto-wrapper
Target: x86_64-redhat-linux
Configured with: ../configure --prefix=/usr --mandir=/usr/share/man --infodir=/usr/share/info --with-bugurl=http://bugzilla.redhat.com/bugzilla --enable-bootstrap --enable-shared --enable-threads=posix --enable-checking=release --with-system-zlib --enable-__cxa_atexit --disable-libunwind-exceptions --enable-gnu-unique-object --enable-linker-build-id --with-linker-hash-style=gnu --enable-languages=c,c++,objc,obj-c++,java,fortran,ada,go,lto --enable-plugin --enable-initfini-array --enable-java-awt=gtk --disable-dssi --with-java-home=/usr/lib/jvm/java-1.5.0-gcj-1.5.0.0/jre --enable-libgcj-multifile --enable-java-maintainer-mode --with-ecj-jar=/usr/share/java/eclipse-ecj.jar --disable-libjava-multilib --with-isl=/builddir/build/BUILD/gcc-4.8.3-20140911/obj-x86_64-redhat-linux/isl-install --with-cloog=/builddir/build/BUILD/gcc-4.8.3-20140911/obj-x86_64-redhat-linux/cloog-install --with-tune=generic --with-arch_32=i686 --build=x86_64-redhat-linux
Thread model: posix
gcc version 4.8.3 20140911 (Red Hat 4.8.3-7) (GCC) 
configure:3716: $? = 0
configure:3705: gcc -V >&5
gcc: error: unrecognized command line option '-V'
gcc: fatal error: no input files
compilation terminated.
configure:3716: $? = 4
configure:3705: gcc -qversion >&5
gcc: error: unrecognized command line option '-qversion'
gcc: fatal error: no input files
compilation terminated.
configure:3716: $? = 4
configure:3720: checking whether we are using the GNU C compiler
configure:3739: gcc -c   conftest.c >&5
configure:3739: $? = 0
configure:3748: result: yes
configure:3757: checking whether gcc accepts -g
configure:3777: gcc -c -g  conftest.c >&5
configure:3777: $? = 0
configure:3818: result: yes
configure:3835: checking for gcc option to accept ISO C89
configure:3898: gcc  -c -g -O2  conftest.c >&5
configure:3898: $? = 0
configure:3911: result: none needed
configure:3933: checking dependency style of gcc
configure:4044: result: gcc3
configure:4060: checking for main in -lxerces-c
configure:4079: gcc -o conftest -g -O2   conftest.c -lxerces-c   >&5
configure:4079: $? = 0
configure:4088: result: yes
configure:4102: checking for main in -lpthread
configure:4121: gcc -o conftest -g -O2   conftest.c -lpthread  -lxerces-c  >&5
configure:4121: $? = 0
configure:4130: result: yes
configure:4157: checking how to run the C++ preprocessor
configure:4184: g++ -E  conftest.cpp
configure:4184: $? = 0
configure:4198: g++ -E  conftest.cpp
conftest.cpp:13:28: fatal error: ac_nonexistent.h: No such file or directory
 #include <ac_nonexistent.h>
                            ^
compilation terminated.
configure:4198: $? = 1
configure: failed program was:
| /* confdefs.h */
| #define PACKAGE_NAME "pktanon"
| #define PACKAGE_TARNAME "pktanon"
| #define PACKAGE_VERSION "1.4.0-dev"
| #define PACKAGE_STRING "pktanon 1.4.0-dev"
| #define PACKAGE_BUGREPORT "www.tm.kit.edu/pktanon"
| #define PACKAGE_URL ""
| #define PACKAGE "pktanon"
| #define VERSION "1.4.0-dev"
| #define HAVE_LIBXERCES_C 1
| #define HAVE_LIBPTHREAD 1
| /* end confdefs.h.  */
| #include <ac_nonexistent.h>
configure:4223: result: g++ -E
configure:4243: g++ -E  conftest.cpp
configure:4243: $? = 0
configure:4257: g++ -E  conftest.cpp
conftest.cpp:13:28: fatal error: ac_nonexistent.h: No such file or directory
 #include <ac_nonexistent.h>
                            ^
compilation terminated.
configure:4257: $? = 1
configure: failed program was:
| /* confdefs.h */
| #define PACKAGE_NAME "pktanon"
| #define PACKAGE_TARNAME "pktanon"
| #define PACKAGE_VERSION "1.4.0-dev"
| #define PACKAGE_STRING "pktanon 1.4.0-dev"
| #define PACKAGE_BUGREPORT "www.tm.kit.edu/pktanon"
| #define PACKAGE_URL ""
| #define PACKAGE "pktanon"
| #define VERSION "1.4.0-dev"
| #define HAVE_LIBXERCES_C 1
| #define HAVE_LIBPTHREAD 1
| /* end confdefs.h.  */
| #include <ac_nonexistent.h>
configure:4286: checking for grep that handles long lines and -e
configure:4344: result: /usr/bin/grep
configure:4349: checking for egrep
configure:4411: result: /usr/bin/grep -E
configure:4416: checking for ANSI C header files
configure:4436: g++ -c -g -O2  conftest.cpp >&5
configure:4436: $? = 0
configure:4509: g++ -o conftest -g -O2   conftest.cpp -lpthread -lxerces-c  >&5
configure:4509: $? = 0
configure:4509: ./conftest
configure:4509: $? = 0
configure:4520: result: yes
configure:4533: checking for sys/types.h
configure:4533: g++ -c -g -O2  conftest.cpp >&5
configure:4533: $? = 0
configure:4533: result: yes
configure:4533: checking for sys/stat.h
configure:4533: g++ -c -g -O2  conftest.cpp >&5
configure:4533: $? = 0
configure:4533: result: yes
configure:4533: checking for stdlib.h
configure:4533: g++ -c -g -O2  conftest.cpp >&5
configure:4533: $? = 0
configure:4533: result: yes
configure:4533: checking for string.h
configure:4533: g++ -c -g -O2  conftest.cpp >&5
configure:4533: $? = 0
configure:4533: result: yes
configure:4533: checking for memory.h
configure:4533: g++ -c -g -O2  conftest.cpp >&5
configure:4533: $? = 0
configure:4533: result: yes
configure:4533: checking for strings.h
configure:4533: g++ -c -g -O2  conftest.cpp >&5
configure:4533: $? = 0
configure:4533: result: yes
configure:4533: checking for inttypes.h
configure:4533: g++ -c -g -O2  conftest.cpp >&5
configure:4533: $? = 0
configure:4533: result: yes
configure:4533: checking for stdint.h
configure:4533: g++ -c -g -O2  conftest.cpp >&5
configure:4533: $? = 0
configure:4533: result: yes
configure:4533: checking for unistd.h
configure:4533: g++ -c -g -O2  conftest.cpp >&5
configure:4533: $? = 0
configure:4533: result: yes
configure:4545: checking boost/pool/object_pool.hpp usability
configure:4545: g++ -c -g -O2  conftest.cpp >&5
configure:4545: $? = 0
configure:4545: result: yes
configure:4545: checking boost/pool/object_pool.hpp presence
configure:4545: g++ -E  conftest.cpp
configure:4545: $? = 0
configure:4545: result: yes
configure:4545: checking for boost/pool/object_pool.hpp
configure:4545: result: yes
configure:4707: checking that generated files are newer than configure
configure:4713: result: done
configure:4740: creating ./config.status

## ---------------------- ##
## Running config.status. ##
## ---------------------- ##

This file was extended by pktanon config.status 1.4.0-dev, which was
generated by GNU Autoconf 2.69.  Invocation command line was

  CONFIG_FILES    = 
  CONFIG_HEADERS  = 
  CONFIG_LINKS    = 
  CONFIG_COMMANDS = 
  $ ./config.status 

on localhost.localdomain

config.status:783: creating Makefile
config.status:955: executing depfiles commands

## ---------------- ##
## Cache variables. ##
## ---------------- ##

ac_cv_c_compiler_gnu=yes
ac_cv_cxx_compiler_gnu=yes
ac_cv_env_CCC_set=
ac_cv_env_CCC_value=
ac_cv_env_CC_set=
ac_cv_env_CC_value=
ac_cv_env_CFLAGS_set=
ac_cv_env_CFLAGS_value=
ac_cv_env_CPPFLAGS_set=
ac_cv_env_CPPFLAGS_value=
ac_cv_env_CXXCPP_set=
ac_cv_env_CXXCPP_value=
ac_cv_env_CXXFLAGS_set=
ac_cv_env_CXXFLAGS_value=
ac_cv_env_CXX_set=
ac_cv_env_CXX_value=
ac_cv_env_LDFLAGS_set=
ac_cv_env_LDFLAGS_value=
ac_cv_env_LIBS_set=
ac_cv_env_LIBS_value=
ac_cv_env_build_alias_set=
ac_cv_env_build_alias_value=
ac_cv_env_host_alias_set=
ac_cv_env_host_alias_value=
ac_cv_env_target_alias_set=
ac_cv_env_target_alias_value=
ac_cv_header_boost_pool_object_pool_hpp=yes
ac_cv_header_inttypes_h=yes
ac_cv_header_memory_h=yes
ac_cv_header_stdc=yes
ac_cv_header_stdint_h=yes
ac_cv_header_stdlib_h=yes
ac_cv_header_string_h=yes
ac_cv_header_strings_h=yes
ac_cv_header_sys_stat_h=yes
ac_cv_header_sys_types_h=yes
ac_cv_header_unistd_h=yes
ac_cv_lib_pthread_main=yes
ac_cv_lib_xerces_c_main=yes
ac_cv_objext=o
ac_cv_path_EGREP='/usr/bin/grep -E'
ac_cv_path_GREP=/usr/bin/grep
ac_cv_path_install='/usr/bin/install -c'
ac_cv_path_mkdir=/usr/bin/mkdir
ac_cv_prog_AWK=gawk
ac_cv_prog_CXXCPP='g++ -E'
ac_cv_prog_ac_ct_CC=gcc
ac_cv_prog_ac_ct_CXX=g++
ac_cv_prog_cc_c89=
ac_cv_prog_cc_g=yes
ac_cv_prog_cxx_g=yes
ac_cv_prog_make_make_set=yes
am_cv_CC_dependencies_compiler_type=gcc3
am_cv_CXX_dependencies_compiler_type=gcc3
am_cv_make_support_nested_variables=yes

## ----------------- ##
## Output variables. ##
## ----------------- ##

ACLOCAL='aclocal-1.13'
AMDEPBACKSLASH='\'
AMDEP_FALSE='#'
AMDEP_TRUE=''
AMTAR='$${TAR-tar}'
AM_BACKSLASH='\'
AM_DEFAULT_V='$(AM_DEFAULT_VERBOSITY)'
AM_DEFAULT_VERBOSITY='1'
AM_V='$(V)'
AUTOCONF='autoconf'
AUTOHEADER='autoheader'
AUTOMAKE='automake-1.13'
AWK='gawk'
CC='gcc'
CCDEPMODE='depmode=gcc3'
CFLAGS='-g -O2'
CPPFLAGS=''
CXX='g++'
CXXCPP='g++ -E'
CXXDEPMODE='depmode=gcc3'
CXXFLAGS='-g -O2'
CYGPATH_W='echo'
DEFS='-DPACKAGE_NAME=\"pktanon\" -DPACKAGE_TARNAME=\"pktanon\" -DPACKAGE_VERSION=\"1.4.0-dev\" -DPACKAGE_STRING=\"pktanon\ 1.4.0-dev\" -DPACKAGE_BUGREPORT=\"www.tm.kit.edu/pktanon\" -DPACKAGE_URL=\"\" -DPACKAGE=\"pktanon\" -DVERSION=\"1.4.0-dev\" -DHAVE_LIBXERCES_C=1 -DHAVE_LIBPTHREAD=1 -DSTDC_HEADERS=1 -DHAVE_SYS_TYPES_H=1 -DHAVE_SYS_STAT_H=1 -DHAVE_STDLIB_H=1 -DHAVE_STRING_H=1 -DHAVE_MEMORY_H=1 -DHAVE_STRINGS_H=1 -DHAVE_INTTYPES_H=1 -DHAVE_STDINT_H=1 -DHAVE_UNISTD_H=1'
DEPDIR='.deps'
ECHO_C=''
ECHO_N='-n'
ECHO_T=''
EGREP='/usr/bin/grep -E'
EXEEXT=''
GREP='/usr/bin/grep'
INSTALL_DATA='${INSTALL} -m 644'
INSTALL_PROGRAM='${INSTALL}'
INSTALL_SCRIPT='${INSTALL}'
INSTALL_STRIP_PROGRAM='$(install_sh) -c -s'
LDFLAGS=''
LIBOBJS=''
LIBS='-lpthread -lxerces-c '
LTLIBOBJS=''
MAKEINFO='makeinfo'
MKDIR_P='/usr/bin/mkdir -p'
OBJEXT='o'
PACKAGE='pktanon'
PACKAGE_BUGREPORT='www.tm.kit.edu/pktanon'
PACKAGE_NAME='pktanon'
PACKAGE_STRING='pktanon 1.4.0-dev'
PACKAGE_TARNAME='pktanon'
PACKAGE_URL=''
PACKAGE_VERSION='1.4.0-dev'
PATH_SEPARATOR=':'
SET_MAKE=''
SHELL='/bin/sh'
STRIP=''
VERSION='1.4.0-dev'
ac_ct_CC='gcc'
ac_ct_CXX='g++'
am__EXEEXT_FALSE=''
am__EXEEXT_TRUE='#'
am__fastdepCC_FALSE='#'
am__fastdepCC_TRUE=''
am__fastdepCXX_FALSE='#'
am__fastdepCXX_TRUE=''
am__include='include'
am__isrc=''
am__leading_dot='.'
am__nodep='_no'
am__quote=''
am__tar='$${TAR-tar} chof - "$$tardir"'
am__untar='$${TAR-tar} xf -'
bindir='${exec_prefix}/bin'
build_alias=''
datadir='${datarootdir}'
datarootdir='${prefix}/share'
docdir='${datarootdir}/doc/${PACKAGE_TARNAME}'
dvidir='${docdir}'
exec_prefix='${prefix}'
host_alias=''
htmldir='${docdir}'
includedir='${prefix}/include'
infodir='${datarootdir}/info'
install_sh='${SHELL} /home/jw/pktanon/install-sh'
libdir='${exec_prefix}/lib'
libexecdir='${exec_prefix}/libexec'
localedir='${datarootdir}/locale'
localstatedir='${prefix}/var'
mandir='${datarootdir}/man'
mkdir_p='$(MKDIR_P)'
oldincludedir='/usr/include'
pdfdir='${docdir}'
prefix='/usr/local'
program_transform_name='s,x,x,'
psdir='${docdir}'
sbindir='${exec_prefix}/sbin'
sharedstatedir='${prefix}/com'
sysconfdir='${prefix}/etc'
target_alias=''

## ----------- ##
## confdefs.h. ##
## ----------- ##

/* confdefs.h */
#define PACKAGE_NAME "pktanon"
#define PACKAGE_TARNAME "pktanon"
#define PACKAGE_VERSION "1.4.0-dev"
#define PACKAGE_STRING "pktanon 1.4.0-dev"
#define PACKAGE_BUGREPORT "www.tm.kit.edu/pktanon"
#define PACKAGE_URL ""
#define PACKAGE "pktanon"
#define VERSION "1.4.0-dev"
#define HAVE_LIBXERCES_C 1
#define HAVE_LIBPTHREAD 1
#define STDC_HEADERS 1
#define HAVE_SYS_TYPES_H 1
#define HAVE_SYS_STAT_H 1
#define HAVE_STDLIB_H 1
#define HAVE_STRING_H 1
#define HAVE_MEMORY_H 1
#define HAVE_STRINGS_H 1
#define HAVE_INTTYPES_H 1
#define HAVE_STDINT_H 1
#define HAVE_UNISTD_H 1

configure: exit 0

## ---------------------- ##
## Running config.status. ##
## ---------------------- ##

This file was extended by pktanon config.status 1.4.0-dev, which was
generated by GNU Autoconf 2.69.  Invocation command line was

  CONFIG_FILES    = 
  CONFIG_HEADERS  = 
  CONFIG_LINKS    = 
  CONFIG_COMMANDS = 
  $ ./config.status Makefile depfiles

on localhost.localdomain

config.status:783: creating Makefile
config.status:955: executing depfiles commands
